<?xml version="1.0" encoding="UTF-8"?>
<!-- Generated by org.testng.reporters.JUnitReportReporter -->
<testsuite hostname="Namasivaya" failures="0" tests="1" name="testCases.TC_002_LoginTest" time="2.416" errors="0" timestamp="2024-02-06T13:19:21 IST" skipped="0">
  <testcase classname="testCases.TC_002_LoginTest" name="verify_login" time="2.416"/>
</testsuite> <!-- testCases.TC_002_LoginTest -->
